<?xml version="1.0" encoding="UTF-8"?>
<!-- Generated by org.testng.reporters.JUnitXMLReporter -->
<testsuite hostname="LN0C5772E6454B" name="Default test" tests="4" failures="0" timestamp="4 Jul 2018 04:35:30 GMT" time="58.853" errors="0">
  <testcase name="newWindow" time="8.871" classname="MultipleWindow.MultipleWindowHandle"/>
  <testcase name="newWindowClose" time="20.723" classname="MultipleWindow.MultipleWindowHandle"/>
  <testcase name="newWindowHandle" time="8.321" classname="MultipleWindow.MultipleWindowHandle"/>
  <testcase name="newWindowSwitch" time="20.008" classname="MultipleWindow.MultipleWindowHandle"/>
</testsuite> <!-- Default test -->
